#
# There is insufficient memory for the Java Runtime Environment to continue.
# Native memory allocation (malloc) failed to allocate 658256 bytes. Error detail: Chunk::new
# Possible reasons:
#   The system is out of physical RAM or swap space
#   This process is running with CompressedOops enabled, and the Java Heap may be blocking the growth of the native heap
# Possible solutions:
#   Reduce memory load on the system
#   Increase physical memory or swap space
#   Check if swap backing store is full
#   Decrease Java heap size (-Xmx/-Xms)
#   Decrease number of Java threads
#   Decrease Java thread stack sizes (-Xss)
#   Set larger code cache with -XX:ReservedCodeCacheSize=
#   JVM is running with Unscaled Compressed Oops mode in which the Java heap is
#     placed in the first 4GB address space. The Java Heap base address is the
#     maximum limit for the native heap growth. Please use -XX:HeapBaseMinAddress
#     to set the Java Heap base and to place the Java Heap above 4GB virtual address.
# This output file may be truncated or incomplete.
#
#  Out of Memory Error (arena.cpp:168), pid=1304, tid=39880
#
# JRE version: OpenJDK Runtime Environment (21.0.3) (build 21.0.3+-12282718-b509.11)
# Java VM: OpenJDK 64-Bit Server VM (21.0.3+-12282718-b509.11, mixed mode, tiered, compressed oops, compressed class ptrs, g1 gc, windows-amd64)
# No core dump will be written. Minidumps are not enabled by default on client versions of Windows
#

---------------  S U M M A R Y ------------

Command Line: org.jetbrains.kotlin.cli.jvm.K2JVMCompiler @C:\Users\DELL\AndroidStudioProjects\ResepMasakan\app\build\20241214_4883452189375940061.compiler.options

Host: 11th Gen Intel(R) Core(TM) i3-1115G4 @ 3.00GHz, 4 cores, 7G,  Windows 11 , 64 bit Build 22621 (10.0.22621.3958)
Time: Sat Dec 14 15:19:27 2024 SE Asia Standard Time elapsed time: 9.240017 seconds (0d 0h 0m 9s)

---------------  T H R E A D  ---------------

Current thread (0x00000241610652f0):  JavaThread "C2 CompilerThread0" daemon [_thread_in_native, id=39880, stack(0x0000007d93100000,0x0000007d93200000) (1024K)]


Current CompileTask:
C2:   9240 9777   !   4       jdk.internal.loader.BuiltinClassLoader::loadClassOrNull (143 bytes)

Stack: [0x0000007d93100000,0x0000007d93200000]
Native frames: (J=compiled Java code, j=interpreted, Vv=VM code, C=native code)
V  [jvm.dll+0x6cafb9]
V  [jvm.dll+0x858523]
V  [jvm.dll+0x85aa7e]
V  [jvm.dll+0x85b163]
V  [jvm.dll+0x27d356]
V  [jvm.dll+0xbf93d]
V  [jvm.dll+0xbfe73]
V  [jvm.dll+0x2f0eb1]
V  [jvm.dll+0x5f5a39]
V  [jvm.dll+0x24fad2]
V  [jvm.dll+0x24855a]
V  [jvm.dll+0x245fce]
V  [jvm.dll+0x1c5804]
V  [jvm.dll+0x25575c]
V  [jvm.dll+0x253c36]
V  [jvm.dll+0x3ec996]
V  [jvm.dll+0x800d78]
V  [jvm.dll+0x6c98cd]
C  [ucrtbase.dll+0x29333]
C  [KERNEL32.DLL+0x1257d]
C  [ntdll.dll+0x5af08]


---------------  P R O C E S S  ---------------

Threads class SMR info:
_java_thread_list=0x0000024161209a10, length=11, elements={
0x0000024143e0a2e0, 0x000002416105a440, 0x00000241610371d0, 0x000002416105afd0,
0x000002416105ba30, 0x0000024161041500, 0x000002416105d4a0, 0x00000241610652f0,
0x0000024161065d90, 0x000002416122c310, 0x000002416122e990
}

Java Threads: ( => current thread )
  0x0000024143e0a2e0 JavaThread "main"                              [_thread_in_vm, id=41640, stack(0x0000007d92200000,0x0000007d92300000) (1024K)]
  0x000002416105a440 JavaThread "Reference Handler"          daemon [_thread_blocked, id=30792, stack(0x0000007d92b00000,0x0000007d92c00000) (1024K)]
  0x00000241610371d0 JavaThread "Finalizer"                  daemon [_thread_blocked, id=31732, stack(0x0000007d92c00000,0x0000007d92d00000) (1024K)]
  0x000002416105afd0 JavaThread "Signal Dispatcher"          daemon [_thread_blocked, id=39760, stack(0x0000007d92d00000,0x0000007d92e00000) (1024K)]
  0x000002416105ba30 JavaThread "Attach Listener"            daemon [_thread_blocked, id=28228, stack(0x0000007d92e00000,0x0000007d92f00000) (1024K)]
  0x0000024161041500 JavaThread "Service Thread"             daemon [_thread_blocked, id=25624, stack(0x0000007d92f00000,0x0000007d93000000) (1024K)]
  0x000002416105d4a0 JavaThread "Monitor Deflation Thread"   daemon [_thread_blocked, id=32668, stack(0x0000007d93000000,0x0000007d93100000) (1024K)]
=>0x00000241610652f0 JavaThread "C2 CompilerThread0"         daemon [_thread_in_native, id=39880, stack(0x0000007d93100000,0x0000007d93200000) (1024K)]
  0x0000024161065d90 JavaThread "C1 CompilerThread0"         daemon [_thread_blocked, id=27400, stack(0x0000007d93200000,0x0000007d93300000) (1024K)]
  0x000002416122c310 JavaThread "Notification Thread"        daemon [_thread_blocked, id=19384, stack(0x0000007d93300000,0x0000007d93400000) (1024K)]
  0x000002416122e990 JavaThread "Common-Cleaner"             daemon [_thread_blocked, id=22884, stack(0x0000007d93400000,0x0000007d93500000) (1024K)]
Total: 11

Other Threads:
  0x000002415cccaed0 VMThread "VM Thread"                           [id=31404, stack(0x0000007d92900000,0x0000007d92a00000) (1024K)]
  0x000002415cc6a360 WatcherThread "VM Periodic Task Thread"        [id=31112, stack(0x0000007d92800000,0x0000007d92900000) (1024K)]
  0x000002414604a340 WorkerThread "GC Thread#0"                     [id=46200, stack(0x0000007d92300000,0x0000007d92400000) (1024K)]
  0x0000024161864b20 WorkerThread "GC Thread#1"                     [id=29980, stack(0x0000007d93500000,0x0000007d93600000) (1024K)]
  0x0000024161886e50 WorkerThread "GC Thread#2"                     [id=27752, stack(0x0000007d93600000,0x0000007d93700000) (1024K)]
  0x00000241618871f0 WorkerThread "GC Thread#3"                     [id=20120, stack(0x0000007d93700000,0x0000007d93800000) (1024K)]
  0x000002414605b2b0 ConcurrentGCThread "G1 Main Marker"            [id=14376, stack(0x0000007d92400000,0x0000007d92500000) (1024K)]
  0x000002414605bf20 WorkerThread "G1 Conc#0"                       [id=20156, stack(0x0000007d92500000,0x0000007d92600000) (1024K)]
  0x000002415cb410b0 ConcurrentGCThread "G1 Refine#0"               [id=25516, stack(0x0000007d92600000,0x0000007d92700000) (1024K)]
  0x000002415cb41d90 ConcurrentGCThread "G1 Service"                [id=25312, stack(0x0000007d92700000,0x0000007d92800000) (1024K)]
Total: 10

Threads with active compile tasks:
C2 CompilerThread0     9257 9777   !   4       jdk.internal.loader.BuiltinClassLoader::loadClassOrNull (143 bytes)
Total: 1

VM state: not at safepoint (normal execution)

VM Mutex/Monitor currently owned by a thread: None

Heap address: 0x0000000084400000, size: 1980 MB, Compressed Oops mode: 32-bit

CDS archive(s) not mapped
Compressed class space mapped at: 0x0000000100000000-0x0000000140000000, reserved size: 1073741824
Narrow klass base: 0x0000000000000000, Narrow klass shift: 3, Narrow klass range: 0x140000000

GC Precious Log:
 CardTable entry size: 512
 Card Set container configuration: InlinePtr #cards 5 size 8 Array Of Cards #cards 12 size 40 Howl #buckets 4 coarsen threshold 1843 Howl Bitmap #cards 512 size 80 coarsen threshold 460 Card regions per heap region 1 cards per card region 2048
 CPUs: 4 total, 4 available
 Memory: 7914M
 Large Page Support: Disabled
 NUMA Support: Disabled
 Compressed Oops: Enabled (32-bit)
 Heap Region Size: 1M
 Heap Min Capacity: 8M
 Heap Initial Capacity: 124M
 Heap Max Capacity: 1980M
 Pre-touch: Disabled
 Parallel Workers: 4
 Concurrent Workers: 1
 Concurrent Refinement Workers: 4
 Periodic GC: Disabled

Heap:
 garbage-first heap   total 99328K, used 56624K [0x0000000084400000, 0x0000000100000000)
  region size 1024K, 6 young (6144K), 4 survivors (4096K)
 Metaspace       used 69150K, committed 69952K, reserved 1114112K
  class space    used 7673K, committed 8064K, reserved 1048576K

Heap Regions: E=young(eden), S=young(survivor), O=old, HS=humongous(starts), HC=humongous(continues), CS=collection set, F=free, TAMS=top-at-mark-start, PB=parsable bottom
|   0|0x0000000084400000, 0x0000000084500000, 0x0000000084500000|100%|HS|  |TAMS 0x0000000084500000| PB 0x0000000084400000| Complete 
|   1|0x0000000084500000, 0x0000000084600000, 0x0000000084600000|100%|HC|  |TAMS 0x0000000084600000| PB 0x0000000084500000| Complete 
|   2|0x0000000084600000, 0x0000000084700000, 0x0000000084700000|100%|HC|  |TAMS 0x0000000084700000| PB 0x0000000084600000| Complete 
|   3|0x0000000084700000, 0x0000000084800000, 0x0000000084800000|100%|HC|  |TAMS 0x0000000084800000| PB 0x0000000084700000| Complete 
|   4|0x0000000084800000, 0x0000000084900000, 0x0000000084900000|100%| O|  |TAMS 0x0000000084900000| PB 0x0000000084800000| Untracked 
|   5|0x0000000084900000, 0x0000000084a00000, 0x0000000084a00000|100%| O|  |TAMS 0x0000000084a00000| PB 0x0000000084900000| Untracked 
|   6|0x0000000084a00000, 0x0000000084b00000, 0x0000000084b00000|100%| O|  |TAMS 0x0000000084b00000| PB 0x0000000084a00000| Untracked 
|   7|0x0000000084b00000, 0x0000000084c00000, 0x0000000084c00000|100%| O|  |TAMS 0x0000000084c00000| PB 0x0000000084b00000| Untracked 
|   8|0x0000000084c00000, 0x0000000084d00000, 0x0000000084d00000|100%| O|  |TAMS 0x0000000084d00000| PB 0x0000000084c00000| Untracked 
|   9|0x0000000084d00000, 0x0000000084e00000, 0x0000000084e00000|100%| O|  |TAMS 0x0000000084e00000| PB 0x0000000084d00000| Untracked 
|  10|0x0000000084e00000, 0x0000000084f00000, 0x0000000084f00000|100%| O|  |TAMS 0x0000000084f00000| PB 0x0000000084e00000| Untracked 
|  11|0x0000000084f00000, 0x0000000085000000, 0x0000000085000000|100%| O|  |TAMS 0x0000000085000000| PB 0x0000000084f00000| Untracked 
|  12|0x0000000085000000, 0x0000000085100000, 0x0000000085100000|100%| O|  |TAMS 0x0000000085100000| PB 0x0000000085000000| Untracked 
|  13|0x0000000085100000, 0x0000000085200000, 0x0000000085200000|100%| O|  |TAMS 0x0000000085200000| PB 0x0000000085100000| Untracked 
|  14|0x0000000085200000, 0x0000000085300000, 0x0000000085300000|100%| O|  |TAMS 0x0000000085300000| PB 0x0000000085200000| Untracked 
|  15|0x0000000085300000, 0x0000000085400000, 0x0000000085400000|100%| O|  |TAMS 0x0000000085400000| PB 0x0000000085300000| Untracked 
|  16|0x0000000085400000, 0x0000000085500000, 0x0000000085500000|100%| O|  |TAMS 0x0000000085500000| PB 0x0000000085400000| Untracked 
|  17|0x0000000085500000, 0x0000000085600000, 0x0000000085600000|100%| O|  |TAMS 0x0000000085600000| PB 0x0000000085500000| Untracked 
|  18|0x0000000085600000, 0x0000000085700000, 0x0000000085700000|100%|HS|  |TAMS 0x0000000085700000| PB 0x0000000085600000| Complete 
|  19|0x0000000085700000, 0x0000000085800000, 0x0000000085800000|100%|HC|  |TAMS 0x0000000085800000| PB 0x0000000085700000| Complete 
|  20|0x0000000085800000, 0x0000000085900000, 0x0000000085900000|100%| O|  |TAMS 0x0000000085900000| PB 0x0000000085800000| Untracked 
|  21|0x0000000085900000, 0x0000000085a00000, 0x0000000085a00000|100%| O|  |TAMS 0x0000000085a00000| PB 0x0000000085900000| Untracked 
|  22|0x0000000085a00000, 0x0000000085b00000, 0x0000000085b00000|100%| O|  |TAMS 0x0000000085b00000| PB 0x0000000085a00000| Untracked 
|  23|0x0000000085b00000, 0x0000000085c00000, 0x0000000085c00000|100%| O|  |TAMS 0x0000000085c00000| PB 0x0000000085b00000| Untracked 
|  24|0x0000000085c00000, 0x0000000085d00000, 0x0000000085d00000|100%| O|  |TAMS 0x0000000085d00000| PB 0x0000000085c00000| Untracked 
|  25|0x0000000085d00000, 0x0000000085e00000, 0x0000000085e00000|100%| O|  |TAMS 0x0000000085e00000| PB 0x0000000085d00000| Untracked 
|  26|0x0000000085e00000, 0x0000000085f00000, 0x0000000085f00000|100%| O|  |TAMS 0x0000000085f00000| PB 0x0000000085e00000| Untracked 
|  27|0x0000000085f00000, 0x0000000086000000, 0x0000000086000000|100%| O|  |TAMS 0x0000000086000000| PB 0x0000000085f00000| Untracked 
|  28|0x0000000086000000, 0x0000000086100000, 0x0000000086100000|100%| O|  |TAMS 0x0000000086100000| PB 0x0000000086000000| Untracked 
|  29|0x0000000086100000, 0x0000000086200000, 0x0000000086200000|100%| O|  |TAMS 0x0000000086200000| PB 0x0000000086100000| Untracked 
|  30|0x0000000086200000, 0x0000000086300000, 0x0000000086300000|100%| O|  |TAMS 0x0000000086300000| PB 0x0000000086200000| Untracked 
|  31|0x0000000086300000, 0x0000000086400000, 0x0000000086400000|100%| O|  |TAMS 0x0000000086400000| PB 0x0000000086300000| Untracked 
|  32|0x0000000086400000, 0x0000000086500000, 0x0000000086500000|100%| O|  |TAMS 0x0000000086500000| PB 0x0000000086400000| Untracked 
|  33|0x0000000086500000, 0x0000000086600000, 0x0000000086600000|100%| O|  |TAMS 0x0000000086600000| PB 0x0000000086500000| Untracked 
|  34|0x0000000086600000, 0x0000000086700000, 0x0000000086700000|100%| O|  |TAMS 0x0000000086600000| PB 0x0000000086600000| Untracked 
|  35|0x0000000086700000, 0x0000000086800000, 0x0000000086800000|100%| O|  |TAMS 0x0000000086800000| PB 0x0000000086700000| Untracked 
|  36|0x0000000086800000, 0x0000000086900000, 0x0000000086900000|100%| O|  |TAMS 0x0000000086900000| PB 0x0000000086800000| Untracked 
|  37|0x0000000086900000, 0x0000000086a00000, 0x0000000086a00000|100%| O|  |TAMS 0x0000000086a00000| PB 0x0000000086900000| Untracked 
|  38|0x0000000086a00000, 0x0000000086b00000, 0x0000000086b00000|100%| O|  |TAMS 0x0000000086b00000| PB 0x0000000086a00000| Untracked 
|  39|0x0000000086b00000, 0x0000000086c00000, 0x0000000086c00000|100%| O|  |TAMS 0x0000000086c00000| PB 0x0000000086b00000| Untracked 
|  40|0x0000000086c00000, 0x0000000086d00000, 0x0000000086d00000|100%| O|  |TAMS 0x0000000086d00000| PB 0x0000000086c00000| Untracked 
|  41|0x0000000086d00000, 0x0000000086e00000, 0x0000000086e00000|100%| O|  |TAMS 0x0000000086e00000| PB 0x0000000086d00000| Untracked 
|  42|0x0000000086e00000, 0x0000000086f00000, 0x0000000086f00000|100%| O|  |TAMS 0x0000000086f00000| PB 0x0000000086e00000| Untracked 
|  43|0x0000000086f00000, 0x0000000087000000, 0x0000000087000000|100%| O|  |TAMS 0x0000000086f00000| PB 0x0000000086f00000| Untracked 
|  44|0x0000000087000000, 0x0000000087100000, 0x0000000087100000|100%| O|  |TAMS 0x0000000087000000| PB 0x0000000087000000| Untracked 
|  45|0x0000000087100000, 0x0000000087180000, 0x0000000087200000| 50%| O|  |TAMS 0x0000000087100000| PB 0x0000000087100000| Untracked 
|  46|0x0000000087200000, 0x0000000087200000, 0x0000000087300000|  0%| F|  |TAMS 0x0000000087200000| PB 0x0000000087200000| Untracked 
|  47|0x0000000087300000, 0x0000000087300000, 0x0000000087400000|  0%| F|  |TAMS 0x0000000087300000| PB 0x0000000087300000| Untracked 
|  48|0x0000000087400000, 0x0000000087400000, 0x0000000087500000|  0%| F|  |TAMS 0x0000000087400000| PB 0x0000000087400000| Untracked 
|  49|0x0000000087500000, 0x0000000087600000, 0x0000000087600000|100%| O|  |TAMS 0x0000000087600000| PB 0x0000000087500000| Untracked 
|  50|0x0000000087600000, 0x0000000087700000, 0x0000000087700000|100%| O|  |TAMS 0x0000000087700000| PB 0x0000000087600000| Untracked 
|  51|0x0000000087700000, 0x0000000087800000, 0x0000000087800000|100%| O|  |TAMS 0x0000000087800000| PB 0x0000000087700000| Untracked 
|  52|0x0000000087800000, 0x0000000087900000, 0x0000000087900000|100%| O|  |TAMS 0x0000000087900000| PB 0x0000000087800000| Untracked 
|  53|0x0000000087900000, 0x0000000087a00000, 0x0000000087a00000|100%| O|  |TAMS 0x0000000087980000| PB 0x0000000087900000| Untracked 
|  54|0x0000000087a00000, 0x0000000087acc2b0, 0x0000000087b00000| 79%| S|CS|TAMS 0x0000000087a00000| PB 0x0000000087a00000| Complete 
|  55|0x0000000087b00000, 0x0000000087c00000, 0x0000000087c00000|100%| S|CS|TAMS 0x0000000087b00000| PB 0x0000000087b00000| Complete 
|  56|0x0000000087c00000, 0x0000000087c00000, 0x0000000087d00000|  0%| F|  |TAMS 0x0000000087c00000| PB 0x0000000087c00000| Untracked 
|  57|0x0000000087d00000, 0x0000000087d00000, 0x0000000087e00000|  0%| F|  |TAMS 0x0000000087d00000| PB 0x0000000087d00000| Untracked 
|  58|0x0000000087e00000, 0x0000000087e00000, 0x0000000087f00000|  0%| F|  |TAMS 0x0000000087e00000| PB 0x0000000087e00000| Untracked 
|  59|0x0000000087f00000, 0x0000000087f00000, 0x0000000088000000|  0%| F|  |TAMS 0x0000000087f00000| PB 0x0000000087f00000| Untracked 
|  60|0x0000000088000000, 0x0000000088000000, 0x0000000088100000|  0%| F|  |TAMS 0x0000000088000000| PB 0x0000000088000000| Untracked 
|  61|0x0000000088100000, 0x0000000088200000, 0x0000000088200000|100%| S|CS|TAMS 0x0000000088100000| PB 0x0000000088100000| Complete 
|  62|0x0000000088200000, 0x0000000088300000, 0x0000000088300000|100%| S|CS|TAMS 0x0000000088200000| PB 0x0000000088200000| Complete 
|  63|0x0000000088300000, 0x0000000088300000, 0x0000000088400000|  0%| F|  |TAMS 0x0000000088300000| PB 0x0000000088300000| Untracked 
|  64|0x0000000088400000, 0x0000000088400000, 0x0000000088500000|  0%| F|  |TAMS 0x0000000088400000| PB 0x0000000088400000| Untracked 
|  65|0x0000000088500000, 0x0000000088500000, 0x0000000088600000|  0%| F|  |TAMS 0x0000000088500000| PB 0x0000000088500000| Untracked 
|  66|0x0000000088600000, 0x0000000088600000, 0x0000000088700000|  0%| F|  |TAMS 0x0000000088600000| PB 0x0000000088600000| Untracked 
|  67|0x0000000088700000, 0x0000000088700000, 0x0000000088800000|  0%| F|  |TAMS 0x0000000088700000| PB 0x0000000088700000| Untracked 
|  68|0x0000000088800000, 0x0000000088800000, 0x0000000088900000|  0%| F|  |TAMS 0x0000000088800000| PB 0x0000000088800000| Untracked 
|  69|0x0000000088900000, 0x0000000088900000, 0x0000000088a00000|  0%| F|  |TAMS 0x0000000088900000| PB 0x0000000088900000| Untracked 
|  70|0x0000000088a00000, 0x0000000088a00000, 0x0000000088b00000|  0%| F|  |TAMS 0x0000000088a00000| PB 0x0000000088a00000| Untracked 
|  71|0x0000000088b00000, 0x0000000088b00000, 0x0000000088c00000|  0%| F|  |TAMS 0x0000000088b00000| PB 0x0000000088b00000| Untracked 
|  72|0x0000000088c00000, 0x0000000088c00000, 0x0000000088d00000|  0%| F|  |TAMS 0x0000000088c00000| PB 0x0000000088c00000| Untracked 
|  73|0x0000000088d00000, 0x0000000088d00000, 0x0000000088e00000|  0%| F|  |TAMS 0x0000000088d00000| PB 0x0000000088d00000| Untracked 
|  74|0x0000000088e00000, 0x0000000088e00000, 0x0000000088f00000|  0%| F|  |TAMS 0x0000000088e00000| PB 0x0000000088e00000| Untracked 
|  75|0x0000000088f00000, 0x0000000088f00000, 0x0000000089000000|  0%| F|  |TAMS 0x0000000088f00000| PB 0x0000000088f00000| Untracked 
|  76|0x0000000089000000, 0x0000000089000000, 0x0000000089100000|  0%| F|  |TAMS 0x0000000089000000| PB 0x0000000089000000| Untracked 
|  77|0x0000000089100000, 0x0000000089100000, 0x0000000089200000|  0%| F|  |TAMS 0x0000000089100000| PB 0x0000000089100000| Untracked 
|  78|0x0000000089200000, 0x0000000089200000, 0x0000000089300000|  0%| F|  |TAMS 0x0000000089200000| PB 0x0000000089200000| Untracked 
|  79|0x0000000089300000, 0x0000000089300000, 0x0000000089400000|  0%| F|  |TAMS 0x0000000089300000| PB 0x0000000089300000| Untracked 
|  80|0x0000000089400000, 0x0000000089400000, 0x0000000089500000|  0%| F|  |TAMS 0x0000000089400000| PB 0x0000000089400000| Untracked 
|  81|0x0000000089500000, 0x0000000089500000, 0x0000000089600000|  0%| F|  |TAMS 0x0000000089500000| PB 0x0000000089500000| Untracked 
|  82|0x0000000089600000, 0x0000000089600000, 0x0000000089700000|  0%| F|  |TAMS 0x0000000089600000| PB 0x0000000089600000| Untracked 
|  83|0x0000000089700000, 0x0000000089700000, 0x0000000089800000|  0%| F|  |TAMS 0x0000000089700000| PB 0x0000000089700000| Untracked 
|  84|0x0000000089800000, 0x0000000089800000, 0x0000000089900000|  0%| F|  |TAMS 0x0000000089800000| PB 0x0000000089800000| Untracked 
|  85|0x0000000089900000, 0x0000000089900000, 0x0000000089a00000|  0%| F|  |TAMS 0x0000000089900000| PB 0x0000000089900000| Untracked 
|  86|0x0000000089a00000, 0x0000000089a00000, 0x0000000089b00000|  0%| F|  |TAMS 0x0000000089a00000| PB 0x0000000089a00000| Untracked 
|  87|0x0000000089b00000, 0x0000000089b00000, 0x0000000089c00000|  0%| F|  |TAMS 0x0000000089b00000| PB 0x0000000089b00000| Untracked 
|  88|0x0000000089c00000, 0x0000000089c00000, 0x0000000089d00000|  0%| F|  |TAMS 0x0000000089c00000| PB 0x0000000089c00000| Untracked 
|  89|0x0000000089d00000, 0x0000000089d00000, 0x0000000089e00000|  0%| F|  |TAMS 0x0000000089d00000| PB 0x0000000089d00000| Untracked 
|  90|0x0000000089e00000, 0x0000000089e00000, 0x0000000089f00000|  0%| F|  |TAMS 0x0000000089e00000| PB 0x0000000089e00000| Untracked 
|  91|0x0000000089f00000, 0x0000000089f00000, 0x000000008a000000|  0%| F|  |TAMS 0x0000000089f00000| PB 0x0000000089f00000| Untracked 
|  92|0x000000008a000000, 0x000000008a000000, 0x000000008a100000|  0%| F|  |TAMS 0x000000008a000000| PB 0x000000008a000000| Untracked 
|  93|0x000000008a100000, 0x000000008a100000, 0x000000008a200000|  0%| F|  |TAMS 0x000000008a100000| PB 0x000000008a100000| Untracked 
| 113|0x000000008b500000, 0x000000008b500000, 0x000000008b600000|  0%| F|  |TAMS 0x000000008b500000| PB 0x000000008b500000| Untracked 
| 114|0x000000008b600000, 0x000000008b685eb8, 0x000000008b700000| 52%| E|  |TAMS 0x000000008b600000| PB 0x000000008b600000| Complete 
| 123|0x000000008bf00000, 0x000000008c000000, 0x000000008c000000|100%| E|CS|TAMS 0x000000008bf00000| PB 0x000000008bf00000| Complete 

Card table byte_map: [0x0000024158520000,0x0000024158900000] _byte_map_base: 0x00000241580fe000

Marking Bits: (CMBitMap*) 0x000002414604aa40
 Bits: [0x0000024158900000, 0x000002415a7f0000)

Polling page: 0x0000024143fa0000

Metaspace:

Usage:
  Non-class:     60.06 MB used.
      Class:      7.50 MB used.
       Both:     67.56 MB used.

Virtual space:
  Non-class space:       64.00 MB reserved,      60.44 MB ( 94%) committed,  1 nodes.
      Class space:        1.00 GB reserved,       7.88 MB ( <1%) committed,  1 nodes.
             Both:        1.06 GB reserved,      68.31 MB (  6%) committed. 

Chunk freelists:
   Non-Class:  2.75 MB
       Class:  8.16 MB
        Both:  10.91 MB

MaxMetaspaceSize: unlimited
CompressedClassSpaceSize: 1.00 GB
Initial GC threshold: 21.00 MB
Current GC threshold: 80.94 MB
CDS: off
 - commit_granule_bytes: 65536.
 - commit_granule_words: 8192.
 - virtual_space_node_default_size: 8388608.
 - enlarge_chunks_in_place: 1.
 - use_allocation_guard: 0.


Internal statistics:

num_allocs_failed_limit: 6.
num_arena_births: 1250.
num_arena_deaths: 0.
num_vsnodes_births: 2.
num_vsnodes_deaths: 0.
num_space_committed: 1091.
num_space_uncommitted: 0.
num_chunks_returned_to_freelist: 6.
num_chunks_taken_from_freelist: 3564.
num_chunk_merges: 6.
num_chunk_splits: 2729.
num_chunks_enlarged: 2145.
num_inconsistent_stats: 0.

CodeHeap 'non-profiled nmethods': size=120000Kb used=3784Kb max_used=3784Kb free=116215Kb
 bounds [0x0000024150c10000, 0x0000024150fd0000, 0x0000024158140000]
CodeHeap 'profiled nmethods': size=120000Kb used=24408Kb max_used=24408Kb free=95591Kb
 bounds [0x0000024149140000, 0x000002414a920000, 0x0000024150670000]
CodeHeap 'non-nmethods': size=5760Kb used=1919Kb max_used=1937Kb free=3840Kb
 bounds [0x0000024150670000, 0x00000241508e0000, 0x0000024150c10000]
 total_blobs=9961 nmethods=9218 adapters=644
 compilation: enabled
              stopped_count=0, restarted_count=0
 full_count=0

Compilation events (20 events):
Event: 9.212 Thread 0x0000024161065d90 9824       3       org.jetbrains.kotlin.backend.jvm.lower.JvmPropertiesLowering$visitClassNew$1::invoke (36 bytes)
Event: 9.212 Thread 0x0000024161065d90 nmethod 9824 0x000002414a904f10 code [0x000002414a905180, 0x000002414a905af8]
Event: 9.212 Thread 0x0000024161065d90 9818       3       org.jetbrains.kotlin.ir.expressions.impl.IrGetValueImpl::<init> (45 bytes)
Event: 9.213 Thread 0x0000024161065d90 nmethod 9818 0x000002414a905e10 code [0x000002414a9060e0, 0x000002414a906ec0]
Event: 9.213 Thread 0x0000024161065d90 9825       1       org.jetbrains.kotlin.ir.declarations.lazy.IrLazyProperty::getSymbol (5 bytes)
Event: 9.213 Thread 0x0000024161065d90 nmethod 9825 0x0000024150fc0c90 code [0x0000024150fc0e20, 0x0000024150fc0ee8]
Event: 9.213 Thread 0x0000024161065d90 9819       3       org.jetbrains.kotlin.ir.expressions.IrGetValue::<init> (5 bytes)
Event: 9.213 Thread 0x0000024161065d90 nmethod 9819 0x000002414a907390 code [0x000002414a907560, 0x000002414a907898]
Event: 9.213 Thread 0x0000024161065d90 9826       1       org.jetbrains.kotlin.ir.declarations.lazy.IrLazyClass::getDescriptor (5 bytes)
Event: 9.213 Thread 0x0000024161065d90 nmethod 9826 0x0000024150fc0f90 code [0x0000024150fc1120, 0x0000024150fc11e8]
Event: 9.213 Thread 0x0000024161065d90 9827       1       org.jetbrains.kotlin.backend.common.phaser.PhaserState::getPhaseCount (5 bytes)
Event: 9.213 Thread 0x0000024161065d90 nmethod 9827 0x0000024150fc1290 code [0x0000024150fc1420, 0x0000024150fc14e8]
Event: 9.213 Thread 0x0000024161065d90 9828       3       org.jetbrains.kotlin.ir.visitors.IrElementTransformerVoid::visitGetField (16 bytes)
Event: 9.214 Thread 0x0000024161065d90 nmethod 9828 0x000002414a907a10 code [0x000002414a907d40, 0x000002414a908de8]
Event: 9.215 Thread 0x0000024161065d90 9829       3       org.jetbrains.kotlin.ir.expressions.IrBranch::transformChildren (33 bytes)
Event: 9.217 Thread 0x0000024161065d90 nmethod 9829 0x000002414a909390 code [0x000002414a909800, 0x000002414a90b8a0]
Event: 9.218 Thread 0x0000024161065d90 9830       3       org.jetbrains.kotlin.ir.declarations.impl.IrFunctionImpl::getParent (18 bytes)
Event: 9.232 Thread 0x0000024161065d90 nmethod 9830 0x000002414a90c290 code [0x000002414a90c520, 0x000002414a90ced8]
Event: 9.232 Thread 0x0000024161065d90 9831       1       org.jetbrains.kotlin.ir.declarations.lazy.IrLazyFunction::getName (5 bytes)
Event: 9.232 Thread 0x0000024161065d90 nmethod 9831 0x0000024150fc1590 code [0x0000024150fc1720, 0x0000024150fc17e8]

GC Heap History (20 events):
Event: 4.084 GC heap before
{Heap before GC invocations=11 (full 0):
 garbage-first heap   total 51200K, used 41663K [0x0000000084400000, 0x0000000100000000)
  region size 1024K, 20 young (20480K), 3 survivors (3072K)
 Metaspace       used 44538K, committed 45248K, reserved 1114112K
  class space    used 5374K, committed 5696K, reserved 1048576K
}
Event: 4.095 GC heap after
{Heap after GC invocations=12 (full 0):
 garbage-first heap   total 61440K, used 28892K [0x0000000084400000, 0x0000000100000000)
  region size 1024K, 3 young (3072K), 3 survivors (3072K)
 Metaspace       used 44538K, committed 45248K, reserved 1114112K
  class space    used 5374K, committed 5696K, reserved 1048576K
}
Event: 4.345 GC heap before
{Heap before GC invocations=12 (full 0):
 garbage-first heap   total 61440K, used 48348K [0x0000000084400000, 0x0000000100000000)
  region size 1024K, 22 young (22528K), 3 survivors (3072K)
 Metaspace       used 45736K, committed 46464K, reserved 1114112K
  class space    used 5487K, committed 5824K, reserved 1048576K
}
Event: 4.351 GC heap after
{Heap after GC invocations=13 (full 0):
 garbage-first heap   total 61440K, used 31904K [0x0000000084400000, 0x0000000100000000)
  region size 1024K, 3 young (3072K), 3 survivors (3072K)
 Metaspace       used 45736K, committed 46464K, reserved 1114112K
  class space    used 5487K, committed 5824K, reserved 1048576K
}
Event: 4.894 GC heap before
{Heap before GC invocations=13 (full 0):
 garbage-first heap   total 61440K, used 50336K [0x0000000084400000, 0x0000000100000000)
  region size 1024K, 21 young (21504K), 3 survivors (3072K)
 Metaspace       used 48138K, committed 48832K, reserved 1114112K
  class space    used 5688K, committed 6016K, reserved 1048576K
}
Event: 4.906 GC heap after
{Heap after GC invocations=14 (full 0):
 garbage-first heap   total 61440K, used 35134K [0x0000000084400000, 0x0000000100000000)
  region size 1024K, 3 young (3072K), 3 survivors (3072K)
 Metaspace       used 48138K, committed 48832K, reserved 1114112K
  class space    used 5688K, committed 6016K, reserved 1048576K
}
Event: 5.204 GC heap before
{Heap before GC invocations=15 (full 0):
 garbage-first heap   total 63488K, used 51518K [0x0000000084400000, 0x0000000100000000)
  region size 1024K, 19 young (19456K), 3 survivors (3072K)
 Metaspace       used 48479K, committed 49152K, reserved 1114112K
  class space    used 5697K, committed 6016K, reserved 1048576K
}
Event: 5.217 GC heap after
{Heap after GC invocations=16 (full 0):
 garbage-first heap   total 63488K, used 38679K [0x0000000084400000, 0x0000000100000000)
  region size 1024K, 3 young (3072K), 3 survivors (3072K)
 Metaspace       used 48479K, committed 49152K, reserved 1114112K
  class space    used 5697K, committed 6016K, reserved 1048576K
}
Event: 5.403 GC heap before
{Heap before GC invocations=16 (full 0):
 garbage-first heap   total 63488K, used 54039K [0x0000000084400000, 0x0000000100000000)
  region size 1024K, 18 young (18432K), 3 survivors (3072K)
 Metaspace       used 48726K, committed 49408K, reserved 1114112K
  class space    used 5711K, committed 6016K, reserved 1048576K
}
Event: 5.416 GC heap after
{Heap after GC invocations=17 (full 0):
 garbage-first heap   total 63488K, used 39424K [0x0000000084400000, 0x0000000100000000)
  region size 1024K, 3 young (3072K), 3 survivors (3072K)
 Metaspace       used 48726K, committed 49408K, reserved 1114112K
  class space    used 5711K, committed 6016K, reserved 1048576K
}
Event: 5.518 GC heap before
{Heap before GC invocations=17 (full 0):
 garbage-first heap   total 63488K, used 54784K [0x0000000084400000, 0x0000000100000000)
  region size 1024K, 18 young (18432K), 3 survivors (3072K)
 Metaspace       used 49022K, committed 49728K, reserved 1114112K
  class space    used 5737K, committed 6080K, reserved 1048576K
}
Event: 5.524 GC heap after
{Heap after GC invocations=18 (full 0):
 garbage-first heap   total 93184K, used 41194K [0x0000000084400000, 0x0000000100000000)
  region size 1024K, 2 young (2048K), 2 survivors (2048K)
 Metaspace       used 49022K, committed 49728K, reserved 1114112K
  class space    used 5737K, committed 6080K, reserved 1048576K
}
Event: 5.850 GC heap before
{Heap before GC invocations=19 (full 0):
 garbage-first heap   total 99328K, used 74986K [0x0000000084400000, 0x0000000100000000)
  region size 1024K, 36 young (36864K), 2 survivors (2048K)
 Metaspace       used 51436K, committed 52160K, reserved 1114112K
  class space    used 6013K, committed 6400K, reserved 1048576K
}
Event: 5.857 GC heap after
{Heap after GC invocations=20 (full 0):
 garbage-first heap   total 99328K, used 42360K [0x0000000084400000, 0x0000000100000000)
  region size 1024K, 3 young (3072K), 3 survivors (3072K)
 Metaspace       used 51436K, committed 52160K, reserved 1114112K
  class space    used 6013K, committed 6400K, reserved 1048576K
}
Event: 7.607 GC heap before
{Heap before GC invocations=20 (full 0):
 garbage-first heap   total 99328K, used 89464K [0x0000000084400000, 0x0000000100000000)
  region size 1024K, 48 young (49152K), 3 survivors (3072K)
 Metaspace       used 56532K, committed 57280K, reserved 1114112K
  class space    used 6440K, committed 6784K, reserved 1048576K
}
Event: 7.629 GC heap after
{Heap after GC invocations=21 (full 0):
 garbage-first heap   total 99328K, used 47559K [0x0000000084400000, 0x0000000100000000)
  region size 1024K, 6 young (6144K), 6 survivors (6144K)
 Metaspace       used 56532K, committed 57280K, reserved 1114112K
  class space    used 6440K, committed 6784K, reserved 1048576K
}
Event: 8.402 GC heap before
{Heap before GC invocations=21 (full 0):
 garbage-first heap   total 99328K, used 84423K [0x0000000084400000, 0x0000000100000000)
  region size 1024K, 42 young (43008K), 6 survivors (6144K)
 Metaspace       used 62782K, committed 63552K, reserved 1114112K
  class space    used 7038K, committed 7424K, reserved 1048576K
}
Event: 8.424 GC heap after
{Heap after GC invocations=22 (full 0):
 garbage-first heap   total 99328K, used 52224K [0x0000000084400000, 0x0000000100000000)
  region size 1024K, 5 young (5120K), 5 survivors (5120K)
 Metaspace       used 62782K, committed 63552K, reserved 1114112K
  class space    used 7038K, committed 7424K, reserved 1048576K
}
Event: 9.218 GC heap before
{Heap before GC invocations=22 (full 0):
 garbage-first heap   total 99328K, used 87040K [0x0000000084400000, 0x0000000100000000)
  region size 1024K, 39 young (39936K), 5 survivors (5120K)
 Metaspace       used 68924K, committed 69696K, reserved 1114112K
  class space    used 7645K, committed 8000K, reserved 1048576K
}
Event: 9.231 GC heap after
{Heap after GC invocations=23 (full 0):
 garbage-first heap   total 99328K, used 55600K [0x0000000084400000, 0x0000000100000000)
  region size 1024K, 4 young (4096K), 4 survivors (4096K)
 Metaspace       used 68924K, committed 69696K, reserved 1114112K
  class space    used 7645K, committed 8000K, reserved 1048576K
}

Dll operation events (3 events):
Event: 0.039 Loaded shared library C:\Program Files\Android\Android Studio\jbr\bin\java.dll
Event: 0.051 Loaded shared library C:\Program Files\Android\Android Studio\jbr\bin\zip.dll
Event: 1.358 Loaded shared library C:\Program Files\Android\Android Studio\jbr\bin\verify.dll

Deoptimization events (20 events):
Event: 9.179 Thread 0x0000024143e0a2e0 DEOPT PACKING pc=0x0000024150fb0230 sp=0x0000007d922fc120
Event: 9.179 Thread 0x0000024143e0a2e0 DEOPT UNPACKING pc=0x00000241506c7da2 sp=0x0000007d922fc0b8 mode 2
Event: 9.181 Thread 0x0000024143e0a2e0 Uncommon trap: trap_request=0xffffffc6 fr.pc=0x0000024150faeae4 relative=0x00000000000006c4
Event: 9.181 Thread 0x0000024143e0a2e0 Uncommon trap: reason=bimorphic_or_optimized_type_check action=maybe_recompile pc=0x0000024150faeae4 method=org.jetbrains.kotlin.ir.declarations.IrFunction.acceptChildren(Lorg/jetbrains/kotlin/ir/visitors/IrElementVisitor;Ljava/lang/Object;)V @ 7 c2
Event: 9.181 Thread 0x0000024143e0a2e0 DEOPT PACKING pc=0x0000024150faeae4 sp=0x0000007d922fc2d0
Event: 9.181 Thread 0x0000024143e0a2e0 DEOPT UNPACKING pc=0x00000241506c7da2 sp=0x0000007d922fc258 mode 2
Event: 9.187 Thread 0x0000024143e0a2e0 DEOPT PACKING pc=0x000002414a7c7614 sp=0x0000007d922fd020
Event: 9.187 Thread 0x0000024143e0a2e0 DEOPT UNPACKING pc=0x00000241506c88e2 sp=0x0000007d922fc4f0 mode 0
Event: 9.187 Thread 0x0000024143e0a2e0 Uncommon trap: trap_request=0xffffffc6 fr.pc=0x0000024150faeae4 relative=0x00000000000006c4
Event: 9.187 Thread 0x0000024143e0a2e0 Uncommon trap: reason=bimorphic_or_optimized_type_check action=maybe_recompile pc=0x0000024150faeae4 method=org.jetbrains.kotlin.ir.declarations.IrFunction.acceptChildren(Lorg/jetbrains/kotlin/ir/visitors/IrElementVisitor;Ljava/lang/Object;)V @ 7 c2
Event: 9.187 Thread 0x0000024143e0a2e0 DEOPT PACKING pc=0x0000024150faeae4 sp=0x0000007d922fc370
Event: 9.187 Thread 0x0000024143e0a2e0 DEOPT UNPACKING pc=0x00000241506c7da2 sp=0x0000007d922fc2f8 mode 2
Event: 9.187 Thread 0x0000024143e0a2e0 Uncommon trap: trap_request=0xffffffde fr.pc=0x0000024150fb0230 relative=0x0000000000000090
Event: 9.187 Thread 0x0000024143e0a2e0 Uncommon trap: reason=class_check action=maybe_recompile pc=0x0000024150fb0230 method=org.jetbrains.kotlin.ir.declarations.IrValueParameter.acceptChildren(Lorg/jetbrains/kotlin/ir/visitors/IrElementVisitor;Ljava/lang/Object;)V @ 7 c2
Event: 9.187 Thread 0x0000024143e0a2e0 DEOPT PACKING pc=0x0000024150fb0230 sp=0x0000007d922fc070
Event: 9.187 Thread 0x0000024143e0a2e0 DEOPT UNPACKING pc=0x00000241506c7da2 sp=0x0000007d922fc008 mode 2
Event: 9.187 Thread 0x0000024143e0a2e0 Uncommon trap: trap_request=0xffffffc6 fr.pc=0x0000024150faeae4 relative=0x00000000000006c4
Event: 9.187 Thread 0x0000024143e0a2e0 Uncommon trap: reason=bimorphic_or_optimized_type_check action=maybe_recompile pc=0x0000024150faeae4 method=org.jetbrains.kotlin.ir.declarations.IrFunction.acceptChildren(Lorg/jetbrains/kotlin/ir/visitors/IrElementVisitor;Ljava/lang/Object;)V @ 7 c2
Event: 9.187 Thread 0x0000024143e0a2e0 DEOPT PACKING pc=0x0000024150faeae4 sp=0x0000007d922fc220
Event: 9.187 Thread 0x0000024143e0a2e0 DEOPT UNPACKING pc=0x00000241506c7da2 sp=0x0000007d922fc1a8 mode 2

Classes loaded (20 events):
Event: 7.792 Loading class jdk/internal/math/FloatingDecimal$1
Event: 7.792 Loading class jdk/internal/math/FloatingDecimal$1 done
Event: 7.792 Loading class jdk/internal/math/FloatingDecimal$PreparedASCIIToBinaryBuffer
Event: 7.792 Loading class jdk/internal/math/FloatingDecimal$ASCIIToBinaryConverter
Event: 7.792 Loading class jdk/internal/math/FloatingDecimal$ASCIIToBinaryConverter done
Event: 7.792 Loading class jdk/internal/math/FloatingDecimal$PreparedASCIIToBinaryBuffer done
Event: 7.792 Loading class jdk/internal/math/FloatingDecimal$ASCIIToBinaryBuffer
Event: 7.792 Loading class jdk/internal/math/FloatingDecimal$ASCIIToBinaryBuffer done
Event: 7.809 Loading class java/lang/invoke/DirectMethodHandle$1
Event: 7.809 Loading class java/lang/invoke/DirectMethodHandle$1 done
Event: 7.820 Loading class java/text/FieldPosition
Event: 7.820 Loading class java/text/FieldPosition done
Event: 7.820 Loading class java/util/Date
Event: 7.821 Loading class java/util/Date done
Event: 7.821 Loading class java/text/MessageFormat$Field
Event: 7.821 Loading class java/text/Format$Field
Event: 7.821 Loading class java/text/AttributedCharacterIterator$Attribute
Event: 7.821 Loading class java/text/AttributedCharacterIterator$Attribute done
Event: 7.821 Loading class java/text/Format$Field done
Event: 7.821 Loading class java/text/MessageFormat$Field done

Classes unloaded (0 events):
No events

Classes redefined (0 events):
No events

Internal exceptions (20 events):
Event: 3.432 Thread 0x0000024143e0a2e0 Exception <a 'java/lang/NoSuchMethodError'{0x000000008b582538}: 'java.lang.Object java.lang.invoke.DirectMethodHandle$Holder.newInvokeSpecial(java.lang.Object, java.lang.Object, java.lang.Object, int)'> (0x000000008b582538) 
thrown [s\src\hotspot\share\interpreter\linkResolver.cpp, line 784]
Event: 3.432 Thread 0x0000024143e0a2e0 Exception <a 'java/lang/NoSuchMethodError'{0x000000008b586668}: 'java.lang.Object java.lang.invoke.DirectMethodHandle$Holder.invokeSpecial(java.lang.Object, java.lang.Object, java.lang.Object, java.lang.Object, int)'> (0x000000008b586668) 
thrown [s\src\hotspot\share\interpreter\linkResolver.cpp, line 784]
Event: 3.432 Thread 0x0000024143e0a2e0 Exception <a 'java/lang/NoSuchMethodError'{0x000000008b589da0}: 'java.lang.Object java.lang.invoke.Invokers$Holder.linkToTargetMethod(java.lang.Object, java.lang.Object, int, java.lang.Object)'> (0x000000008b589da0) 
thrown [s\src\hotspot\share\interpreter\linkResolver.cpp, line 784]
Event: 4.420 Thread 0x0000024143e0a2e0 Exception <a 'java/lang/NoSuchMethodError'{0x0000000087b2a098}: 'java.lang.Object java.lang.invoke.DirectMethodHandle$Holder.newInvokeSpecial(java.lang.Object, int, java.lang.Object)'> (0x0000000087b2a098) 
thrown [s\src\hotspot\share\interpreter\linkResolver.cpp, line 784]
Event: 4.420 Thread 0x0000024143e0a2e0 Exception <a 'java/lang/NoSuchMethodError'{0x0000000087b2fd90}: 'int java.lang.invoke.DirectMethodHandle$Holder.invokeInterface(java.lang.Object, java.lang.Object)'> (0x0000000087b2fd90) 
thrown [s\src\hotspot\share\interpreter\linkResolver.cpp, line 784]
Event: 4.495 Thread 0x0000024143e0a2e0 Exception <a 'java/lang/NoSuchMethodError'{0x0000000087ad53b0}: 'java.lang.Object java.lang.invoke.DirectMethodHandle$Holder.invokeSpecial(java.lang.Object, java.lang.Object, java.lang.Object, java.lang.Object, java.lang.Object, java.lang.Object, int)'> (0x0000000087ad53b0) 
thrown [s\src\hotspot\share\interpreter\linkResolver.cpp, line 784]
Event: 5.229 Thread 0x0000024143e0a2e0 Implicit null exception at 0x0000024150cefa1a to 0x0000024150cefc24
Event: 5.229 Thread 0x0000024143e0a2e0 Implicit null exception at 0x0000024150c467bd to 0x0000024150c46839
Event: 5.888 Thread 0x0000024143e0a2e0 Implicit null exception at 0x0000024150d3485a to 0x0000024150d34958
Event: 6.127 Thread 0x0000024143e0a2e0 Exception <a 'java/lang/NoSuchMethodError'{0x0000000089b326d8}: 'java.lang.Object java.lang.invoke.DirectMethodHandle$Holder.invokeStatic(java.lang.Object, int, java.lang.Object)'> (0x0000000089b326d8) 
thrown [s\src\hotspot\share\interpreter\linkResolver.cpp, line 784]
Event: 6.216 Thread 0x0000024143e0a2e0 Exception <a 'java/lang/NoSuchMethodError'{0x00000000899d7fa0}: 'java.lang.Object java.lang.invoke.DirectMethodHandle$Holder.invokeInterface(java.lang.Object, java.lang.Object, java.lang.Object)'> (0x00000000899d7fa0) 
thrown [s\src\hotspot\share\interpreter\linkResolver.cpp, line 784]
Event: 6.216 Thread 0x0000024143e0a2e0 Exception <a 'java/lang/IncompatibleClassChangeError'{0x00000000899db638}: Found class java.lang.Object, but interface was expected> (0x00000000899db638) 
thrown [s\src\hotspot\share\interpreter\linkResolver.cpp, line 851]
Event: 7.748 Thread 0x0000024143e0a2e0 Exception <a 'java/lang/NoSuchMethodError'{0x000000008a1bed78}: 'int java.lang.invoke.Invokers$Holder.invokeExact_MT(java.lang.Object, java.lang.Object, java.lang.Object)'> (0x000000008a1bed78) 
thrown [s\src\hotspot\share\interpreter\linkResolver.cpp, line 784]
Event: 7.748 Thread 0x0000024143e0a2e0 Exception <a 'java/lang/NoSuchMethodError'{0x000000008a1c3628}: 'void java.lang.invoke.Invokers$Holder.invokeExact_MT(java.lang.Object, java.lang.Object, java.lang.Object, java.lang.Object)'> (0x000000008a1c3628) 
thrown [s\src\hotspot\share\interpreter\linkResolver.cpp, line 784]
Event: 7.777 Thread 0x0000024143e0a2e0 Exception <a 'java/lang/NoSuchMethodError'{0x000000008a0f30e8}: 'java.lang.Object java.lang.invoke.DirectMethodHandle$Holder.invokeStaticInit(java.lang.Object, java.lang.Object, java.lang.Object, java.lang.Object)'> (0x000000008a0f30e8) 
thrown [s\src\hotspot\share\interpreter\linkResolver.cpp, line 784]
Event: 8.041 Thread 0x0000024143e0a2e0 Implicit null exception at 0x0000024150de63e9 to 0x0000024150de6b98
Event: 8.072 Thread 0x0000024143e0a2e0 Exception <a 'java/lang/NoSuchMethodError'{0x0000000088f6a640}: 'java.lang.Object java.lang.invoke.DirectMethodHandle$Holder.newInvokeSpecial(java.lang.Object, java.lang.Object, java.lang.Object, int, int)'> (0x0000000088f6a640) 
thrown [s\src\hotspot\share\interpreter\linkResolver.cpp, line 784]
Event: 8.072 Thread 0x0000024143e0a2e0 Exception <a 'java/lang/NoSuchMethodError'{0x0000000088f6e1f0}: 'java.lang.Object java.lang.invoke.DirectMethodHandle$Holder.invokeSpecial(java.lang.Object, java.lang.Object, java.lang.Object, java.lang.Object, int, int)'> (0x0000000088f6e1f0) 
thrown [s\src\hotspot\share\interpreter\linkResolver.cpp, line 784]
Event: 8.116 Thread 0x0000024143e0a2e0 Exception <a 'java/lang/NoSuchMethodError'{0x0000000088d42648}: 'java.lang.Object java.lang.invoke.Invokers$Holder.linkToTargetMethod(java.lang.Object, java.lang.Object, int, int, java.lang.Object, java.lang.Object, java.lang.Object, java.lang.Object, java.lang.Object)'> (0x0000000088d42648) 
thrown [s\src\hotspot\share\interpreter\linkResolver.cpp, line 784]
Event: 8.133 Thread 0x0000024143e0a2e0 Implicit null exception at 0x0000024150ced5a5 to 0x0000024150ced808

ZGC Phase Switch (0 events):
No events

VM Operations (20 events):
Event: 8.919 Executing VM operation: HandshakeAllThreads (Deoptimize)
Event: 8.919 Executing VM operation: HandshakeAllThreads (Deoptimize) done
Event: 8.921 Executing VM operation: HandshakeAllThreads (Deoptimize)
Event: 8.921 Executing VM operation: HandshakeAllThreads (Deoptimize) done
Event: 9.025 Executing VM operation: ICBufferFull
Event: 9.025 Executing VM operation: ICBufferFull done
Event: 9.102 Executing VM operation: HandshakeAllThreads (Deoptimize)
Event: 9.102 Executing VM operation: HandshakeAllThreads (Deoptimize) done
Event: 9.104 Executing VM operation: HandshakeAllThreads (Deoptimize)
Event: 9.104 Executing VM operation: HandshakeAllThreads (Deoptimize) done
Event: 9.115 Executing VM operation: HandshakeAllThreads (Deoptimize)
Event: 9.115 Executing VM operation: HandshakeAllThreads (Deoptimize) done
Event: 9.119 Executing VM operation: HandshakeAllThreads (Deoptimize)
Event: 9.119 Executing VM operation: HandshakeAllThreads (Deoptimize) done
Event: 9.176 Executing VM operation: HandshakeAllThreads (Deoptimize)
Event: 9.176 Executing VM operation: HandshakeAllThreads (Deoptimize) done
Event: 9.191 Executing VM operation: ICBufferFull
Event: 9.191 Executing VM operation: ICBufferFull done
Event: 9.218 Executing VM operation: G1CollectForAllocation (G1 Evacuation Pause)
Event: 9.231 Executing VM operation: G1CollectForAllocation (G1 Evacuation Pause) done

Events (20 events):
Event: 5.596 Thread 0x000002415cccaed0 flushing nmethod 0x0000024150d0b310
Event: 5.596 Thread 0x000002415cccaed0 flushing nmethod 0x0000024150ca0210
Event: 5.596 Thread 0x000002415cccaed0 flushing nmethod 0x0000024150ccf590
Event: 5.596 Thread 0x000002415cccaed0 flushing nmethod 0x0000024150cba310
Event: 5.596 Thread 0x000002415cccaed0 flushing nmethod 0x0000024150cb2690
Event: 5.596 Thread 0x000002415cccaed0 flushing nmethod 0x0000024150cb1010
Event: 5.596 Thread 0x000002415cccaed0 flushing nmethod 0x0000024150cb0810
Event: 5.596 Thread 0x000002415cccaed0 flushing nmethod 0x0000024150caf910
Event: 5.596 Thread 0x000002415cccaed0 flushing nmethod 0x0000024150c86110
Event: 5.596 Thread 0x000002415cccaed0 flushing nmethod 0x0000024150c7b090
Event: 5.596 Thread 0x000002415cccaed0 flushing nmethod 0x0000024150c6c410
Event: 5.596 Thread 0x000002415cccaed0 flushing nmethod 0x0000024150c67810
Event: 5.596 Thread 0x000002415cccaed0 flushing nmethod 0x0000024150c63010
Event: 5.596 Thread 0x000002415cccaed0 flushing nmethod 0x0000024150c5c510
Event: 5.596 Thread 0x000002415cccaed0 flushing nmethod 0x0000024150c5b890
Event: 5.596 Thread 0x000002415cccaed0 flushing nmethod 0x0000024150c5b310
Event: 5.596 Thread 0x000002415cccaed0 flushing nmethod 0x0000024150c47410
Event: 5.596 Thread 0x000002415cccaed0 flushing nmethod 0x0000024150c42b90
Event: 5.596 Thread 0x000002415cccaed0 flushing nmethod 0x0000024150c40010
Event: 5.596 Thread 0x000002415cccaed0 flushing nmethod 0x0000024150c36390


Dynamic libraries:
0x00007ff6d2a40000 - 0x00007ff6d2a4a000 	C:\Program Files\Android\Android Studio\jbr\bin\java.exe
0x00007ffa97ab0000 - 0x00007ffa97cc7000 	C:\WINDOWS\SYSTEM32\ntdll.dll
0x00007ffa96aa0000 - 0x00007ffa96b64000 	C:\WINDOWS\System32\KERNEL32.DLL
0x00007ffa94e80000 - 0x00007ffa95237000 	C:\WINDOWS\System32\KERNELBASE.dll
0x00007ffa95240000 - 0x00007ffa95351000 	C:\WINDOWS\System32\ucrtbase.dll
0x00007ffa8e6c0000 - 0x00007ffa8e6d8000 	C:\Program Files\Android\Android Studio\jbr\bin\jli.dll
0x00007ffa96d40000 - 0x00007ffa96eef000 	C:\WINDOWS\System32\USER32.dll
0x00007ffa95730000 - 0x00007ffa95756000 	C:\WINDOWS\System32\win32u.dll
0x00007ffa97010000 - 0x00007ffa97039000 	C:\WINDOWS\System32\GDI32.dll
0x00007ffa95610000 - 0x00007ffa95728000 	C:\WINDOWS\System32\gdi32full.dll
0x00007ffa95360000 - 0x00007ffa953fa000 	C:\WINDOWS\System32\msvcp_win.dll
0x00007ffa81100000 - 0x00007ffa81393000 	C:\WINDOWS\WinSxS\amd64_microsoft.windows.common-controls_6595b64144ccf1df_6.0.22621.3672_none_2713b9d173822955\COMCTL32.dll
0x00007ffa964f0000 - 0x00007ffa96597000 	C:\WINDOWS\System32\msvcrt.dll
0x00007ffa8b3b0000 - 0x00007ffa8b3cb000 	C:\Program Files\Android\Android Studio\jbr\bin\VCRUNTIME140.dll
0x00007ffa95b80000 - 0x00007ffa95bb1000 	C:\WINDOWS\System32\IMM32.DLL
0x00007ffa8e990000 - 0x00007ffa8e99c000 	C:\Program Files\Android\Android Studio\jbr\bin\vcruntime140_1.dll
0x00007ffa6bd00000 - 0x00007ffa6bd8d000 	C:\Program Files\Android\Android Studio\jbr\bin\msvcp140.dll
0x00007ffa25860000 - 0x00007ffa264dd000 	C:\Program Files\Android\Android Studio\jbr\bin\server\jvm.dll
0x00007ffa96430000 - 0x00007ffa964e2000 	C:\WINDOWS\System32\ADVAPI32.dll
0x00007ffa96b70000 - 0x00007ffa96c18000 	C:\WINDOWS\System32\sechost.dll
0x00007ffa955e0000 - 0x00007ffa95608000 	C:\WINDOWS\System32\bcrypt.dll
0x00007ffa96ef0000 - 0x00007ffa97004000 	C:\WINDOWS\System32\RPCRT4.dll
0x00007ffa97700000 - 0x00007ffa97771000 	C:\WINDOWS\System32\WS2_32.dll
0x00007ffa94c90000 - 0x00007ffa94cdd000 	C:\WINDOWS\SYSTEM32\POWRPROF.dll
0x00007ffa8e630000 - 0x00007ffa8e664000 	C:\WINDOWS\SYSTEM32\WINMM.dll
0x00007ffa8e4e0000 - 0x00007ffa8e4ea000 	C:\WINDOWS\SYSTEM32\VERSION.dll
0x00007ffa94c70000 - 0x00007ffa94c83000 	C:\WINDOWS\SYSTEM32\UMPDC.dll
0x00007ffa93e10000 - 0x00007ffa93e28000 	C:\WINDOWS\SYSTEM32\kernel.appcore.dll
0x00007ffa8cd50000 - 0x00007ffa8cd5a000 	C:\Program Files\Android\Android Studio\jbr\bin\jimage.dll
0x00007ffa92650000 - 0x00007ffa92882000 	C:\WINDOWS\SYSTEM32\DBGHELP.DLL
0x00007ffa96710000 - 0x00007ffa96a9e000 	C:\WINDOWS\System32\combase.dll
0x00007ffa97620000 - 0x00007ffa976f7000 	C:\WINDOWS\System32\OLEAUT32.dll
0x00007ffa70d50000 - 0x00007ffa70d82000 	C:\WINDOWS\SYSTEM32\dbgcore.DLL
0x00007ffa95760000 - 0x00007ffa957db000 	C:\WINDOWS\System32\bcryptPrimitives.dll
0x00007ffa7f9b0000 - 0x00007ffa7f9cf000 	C:\Program Files\Android\Android Studio\jbr\bin\java.dll
0x00007ffa7f990000 - 0x00007ffa7f9a8000 	C:\Program Files\Android\Android Studio\jbr\bin\zip.dll
0x00007ffa95bc0000 - 0x00007ffa96429000 	C:\WINDOWS\System32\SHELL32.dll
0x00007ffa92d30000 - 0x00007ffa9362f000 	C:\WINDOWS\SYSTEM32\windows.storage.dll
0x00007ffa92bf0000 - 0x00007ffa92d2f000 	C:\WINDOWS\SYSTEM32\wintypes.dll
0x00007ffa96c40000 - 0x00007ffa96d39000 	C:\WINDOWS\System32\SHCORE.dll
0x00007ffa97a10000 - 0x00007ffa97a6e000 	C:\WINDOWS\System32\shlwapi.dll
0x00007ffa94cf0000 - 0x00007ffa94d17000 	C:\WINDOWS\SYSTEM32\profapi.dll
0x00007ffa877f0000 - 0x00007ffa87800000 	C:\Program Files\Android\Android Studio\jbr\bin\net.dll
0x00007ffa91630000 - 0x00007ffa91766000 	C:\WINDOWS\SYSTEM32\WINHTTP.dll
0x00007ffa94280000 - 0x00007ffa942e9000 	C:\WINDOWS\system32\mswsock.dll
0x00007ffa7df00000 - 0x00007ffa7df16000 	C:\Program Files\Android\Android Studio\jbr\bin\nio.dll
0x00007ffa7fc40000 - 0x00007ffa7fc50000 	C:\Program Files\Android\Android Studio\jbr\bin\verify.dll

dbghelp: loaded successfully - version: 4.0.5 - missing functions: none
symbol engine: initialized successfully - sym options: 0x614 - pdb path: .;C:\Program Files\Android\Android Studio\jbr\bin;C:\WINDOWS\SYSTEM32;C:\WINDOWS\WinSxS\amd64_microsoft.windows.common-controls_6595b64144ccf1df_6.0.22621.3672_none_2713b9d173822955;C:\Program Files\Android\Android Studio\jbr\bin\server

VM Arguments:
java_command: org.jetbrains.kotlin.cli.jvm.K2JVMCompiler @C:\Users\DELL\AndroidStudioProjects\ResepMasakan\app\build\20241214_4883452189375940061.compiler.options
java_class_path (initial): C:\Users\DELL\.gradle\caches\modules-2\files-2.1\org.jetbrains.kotlin\kotlin-compiler-embeddable\1.9.24\78dab849090e6c5e2eadb6e59a11cdc28fb67a08\kotlin-compiler-embeddable-1.9.24.jar;C:\Users\DELL\.gradle\caches\modules-2\files-2.1\org.jetbrains.kotlin\kotlin-stdlib\1.9.24\9928532f12c66ad816a625b3f9984f8368ca6d2b\kotlin-stdlib-1.9.24.jar;C:\Users\DELL\.gradle\caches\modules-2\files-2.1\org.jetbrains.kotlin\kotlin-script-runtime\1.9.24\96771497da90fbc5af1c90fce148db2595a62502\kotlin-script-runtime-1.9.24.jar;C:\Users\DELL\.gradle\caches\modules-2\files-2.1\org.jetbrains.kotlin\kotlin-reflect\1.6.10\1cbe9c92c12a94eea200d23c2bbaedaf3daf5132\kotlin-reflect-1.6.10.jar;C:\Users\DELL\.gradle\caches\modules-2\files-2.1\org.jetbrains.kotlin\kotlin-daemon-embeddable\1.9.24\86685b9c5e8d170925bd9ddbdc263374a6a73281\kotlin-daemon-embeddable-1.9.24.jar;C:\Users\DELL\.gradle\caches\modules-2\files-2.1\org.jetbrains.intellij.deps\trove4j\1.0.20200330\3afb14d5f9ceb459d724e907a21145e8ff394f02\trove4j-1.0.20200330.jar;C:\Users\DELL\.gradle\caches\modules-2\files-2.1\org.jetbrains\annotations\13.0\919f0dfe192fb4e063e7dacadee7f8bb9a2672a9\annotations-13.0.jar
Launcher Type: SUN_STANDARD

[Global flags]
     intx CICompilerCount                          = 3                                         {product} {ergonomic}
     uint ConcGCThreads                            = 1                                         {product} {ergonomic}
     uint G1ConcRefinementThreads                  = 4                                         {product} {ergonomic}
   size_t G1HeapRegionSize                         = 1048576                                   {product} {ergonomic}
    uintx GCDrainStackTargetSize                   = 64                                        {product} {ergonomic}
   size_t InitialHeapSize                          = 130023424                                 {product} {ergonomic}
   size_t MarkStackSize                            = 4194304                                   {product} {ergonomic}
   size_t MaxHeapSize                              = 2076180480                                {product} {ergonomic}
   size_t MaxNewSize                               = 1245708288                                {product} {ergonomic}
   size_t MinHeapDeltaBytes                        = 1048576                                   {product} {ergonomic}
   size_t MinHeapSize                              = 8388608                                   {product} {ergonomic}
    uintx NonNMethodCodeHeapSize                   = 5832780                                {pd product} {ergonomic}
    uintx NonProfiledCodeHeapSize                  = 122912730                              {pd product} {ergonomic}
    uintx ProfiledCodeHeapSize                     = 122912730                              {pd product} {ergonomic}
    uintx ReservedCodeCacheSize                    = 251658240                              {pd product} {ergonomic}
     bool SegmentedCodeCache                       = true                                      {product} {ergonomic}
   size_t SoftMaxHeapSize                          = 2076180480                             {manageable} {ergonomic}
     bool UseCompressedOops                        = true                           {product lp64_product} {ergonomic}
     bool UseG1GC                                  = true                                      {product} {ergonomic}
     bool UseLargePagesIndividualAllocation        = false                                  {pd product} {ergonomic}

Logging:
Log output configuration:
 #0: stdout all=warning uptime,level,tags foldmultilines=false
 #1: stderr all=off uptime,level,tags foldmultilines=false

Environment Variables:
JAVA_HOME=C:\Program Files\Java\jdk-22\
PATH=C:\Program Files (x86)\Common Files\Intel\Shared Files\cpp\bin\Intel64;C:\Program Files\Common Files\Oracle\Java\javapath;C:\WINDOWS\system32;C:\WINDOWS;C:\WINDOWS\System32\Wbem;C:\WINDOWS\System32\WindowsPowerShell\v1.0\;C:\WINDOWS\System32\OpenSSH\;C:\Program Files\dotnet\;C:\Program Files\Git\cmd;C:\Program Files\GitHub CLI\;C:\Program Files\Java\jdk-22\bin;C:\Program Files\Kotlin\kotlinc\bin;D:\Anacoda;D:\Anacoda\Library\mingw-w64\bin;D:\Anacoda\Library\usr\bin;D:\Anacoda\Library\bin;D:\Anacoda\Scripts;C:\Users\DELL\AppData\Local\Microsoft\WindowsApps;D:\vscode\Microsoft VS Code\bin;C:\Users\DELL\.dotnet\tools
USERNAME=DELL
OS=Windows_NT
PROCESSOR_IDENTIFIER=Intel64 Family 6 Model 140 Stepping 1, GenuineIntel
TMP=C:\Users\DELL\AppData\Local\Temp
TEMP=C:\Users\DELL\AppData\Local\Temp




Periodic native trim disabled

JNI global refs:
JNI global refs: 8, weak refs: 3

JNI global refs memory usage: 835, weak refs: 833

Process memory usage:
Resident Set Size: 300868K (3% of 8104744K total physical memory with 197668K free physical memory)

OOME stack traces (most recent first):
Classloader memory used:
Loader jdk.internal.loader.ClassLoaders$AppClassLoader                                 : 56774K
Loader bootstrap                                                                       : 12473K

---------------  S Y S T E M  ---------------

OS:
 Windows 11 , 64 bit Build 22621 (10.0.22621.3958)
OS uptime: 38 days 3:44 hours

CPU: total 4 (initial active 4) (2 cores per cpu, 2 threads per core) family 6 model 140 stepping 1 microcode 0xb8, cx8, cmov, fxsr, ht, mmx, 3dnowpref, sse, sse2, sse3, ssse3, sse4.1, sse4.2, popcnt, lzcnt, tsc, tscinvbit, avx, avx2, aes, erms, clmul, bmi1, bmi2, adx, avx512f, avx512dq, avx512cd, avx512bw, avx512vl, sha, fma, vzeroupper, avx512_vpopcntdq, avx512_vpclmulqdq, avx512_vaes, avx512_vnni, clflush, clflushopt, clwb, avx512_vbmi2, avx512_vbmi, rdtscp, rdpid, fsrm, gfni, avx512_bitalg, f16c, pku, cet_ibt, cet_ss, avx512_ifma
Processor Information for all 4 processors :
  Max Mhz: 2995, Current Mhz: 2995, Mhz Limit: 2995

Memory: 4k page, system-wide physical 7914M (191M free)
TotalPageFile size 20414M (AvailPageFile size 5M)
current process WorkingSet (physical memory assigned to process): 294M, peak: 294M
current process commit charge ("private bytes"): 319M, peak: 320M

vm_info: OpenJDK 64-Bit Server VM (21.0.3+-12282718-b509.11) for windows-amd64 JRE (21.0.3+-12282718-b509.11), built on 2024-08-27T17:34:15Z by "builder" with MS VC++ 16.10 / 16.11 (VS2019)

END.
